2026-06-22 16:10:31 [INFO] Nars Regis (admin) connecté
2026-06-22 16:12:15 [INFO] Nars Regis a ajouté l'étudiant Kama Koda (matricule: MAT-2026-005)
2026-06-26 10:28:36 [INFO] Kablan Koda (admin) connecté
2026-06-26 10:30:27 [INFO] Kablan Koda a ajouté l'étudiant  (matricule: MAT-2026-001) Boka Bakan 
2026-06-26 11:40:38 [INFO] Kablan Koda (admin) connecté
2026-06-26 11:44:22 [INFO] Kablan Koda a ajouté l'étudiant  (matricule: MAT-2026-002) Doma Moda 
2026-06-26 11:46:12 [INFO] Doma Moda (etudiant) connecté
2026-06-26 11:58:54 [INFO] Kablan Koda (admin) connecté
2026-06-26 11:59:20 [INFO] Kablan Koda a ajouté la matière Mathématiques
2026-06-26 11:59:43 [INFO] Kablan Koda a ajouté la matière Physique-Chimie
2026-06-26 11:59:57 [INFO] Kablan Koda a ajouté la matière Français
2026-06-26 12:00:08 [INFO] Kablan Koda a ajouté la matière Anglais
2026-06-26 12:00:25 [INFO] Kablan Koda a ajouté la matière EPS
2026-06-26 12:01:23 [WARNING] Connexion échoué matricule: DoKve!84 
2026-06-26 12:02:07 [WARNING] Mot de passe incorrect pour l'étudiant au matricule: MAT-2026-001
2026-06-26 12:02:34 [INFO] Doma Moda (etudiant) connecté
2026-06-26 12:08:26 [INFO] Kablan Koda (admin) connecté
2026-06-26 12:09:32 [INFO] Kablan Koda a ajouté le professeur M Cyril Somina
2026-06-26 12:10:25 [INFO] M Cyril Somina (professeur) connecté
2026-06-26 12:11:30 [INFO] M Cyril Somina a ajouté la note 12 pour l'étudiant ID 2
2026-06-26 12:27:21 [INFO] M Cyril Somina (professeur) connecté
2026-06-26 12:46:52 [WARNING] La connexion de  a échouée
2026-06-26 12:47:36 [INFO] M Cyril Somina (professeur) connecté
2026-06-26 13:04:09 [INFO] M Cyril Somina (professeur) connecté
2026-06-26 13:05:34 [INFO] M Cyril Somina (professeur) connecté
2026-06-26 13:08:47 [INFO] M Cyril Somina (professeur) connecté
2026-06-26 13:09:11 [INFO] M Cyril Somina a ajouté la note 15 pour l'étudiant ID 2
2026-06-26 13:19:58 [INFO] M Cyril Somina (professeur) connecté
2026-06-26 13:20:16 [INFO] M Cyril Somina a ajouté la note 19 pour l'étudiant 2
2026-06-26 13:23:58 [INFO] M Cyril Somina (professeur) connecté
2026-06-26 15:05:14 [INFO] Kablan Koda (admin) connecté
2026-06-26 15:42:39 [WARNING] La connexion de admin a échouée
2026-06-26 15:42:57 [INFO] Kablan Koda (admin) connecté
2026-06-26 15:55:36 [INFO] Kablan Koda (admin) connecté
2026-06-26 15:56:35 [INFO] Kablan Koda a ajouté le professeur Kobenan
2026-06-26 15:59:05 [INFO] Kablan Koda a affecté le professeur ID 2 à la matière ID 5
2026-06-26 16:02:45 [INFO] Kablan Koda (admin) connecté
2026-06-26 16:03:48 [INFO] Kablan Koda (admin) connecté
2026-06-26 16:05:18 [WARNING] La connexion de Kobenan  a échouée
2026-06-26 16:06:04 [WARNING] La connexion de Ko100@* a échouée
2026-06-26 16:08:16 [INFO] Kobenan (professeur) connecté
2026-06-26 16:13:24 [WARNING] La connexion de Ko200@* a échouée
2026-06-26 16:13:47 [INFO] Kobenan (professeur) connecté
2026-06-26 16:14:44 [INFO] Kobenan a ajouté la note 17 pour l'étudiant 2
2026-06-26 16:26:57 [INFO] Kobenan (professeur) connecté
2026-06-26 16:28:36 [INFO] Kobenan a modifié une note de l'étudiant ID 2
2026-06-26 16:35:07 [WARNING] La connexion de Ko200@* a échouée
2026-06-26 16:35:22 [WARNING] La connexion de Ko200@* a échouée
2026-06-26 16:35:44 [INFO] Kobenan (professeur) connecté
2026-06-29 12:25:23 [INFO] Kablan Koda (admin) connecté
2026-06-29 12:31:04 [INFO] Kablan Koda (admin) connecté
2026-06-29 12:33:17 [INFO] Kablan Koda (admin) connecté
2026-06-29 12:35:24 [INFO] Kablan Koda a modifié l'étudiant ID 2
2026-06-29 21:07:37 [INFO] Kablan Koda (admin) connecté
2026-06-29 21:09:54 [WARNING] La connexion de  a échouée
2026-06-29 21:10:44 [WARNING] La connexion de admin a échouée
2026-06-29 21:11:07 [INFO] Kablan Koda (admin) connecté
2026-06-29 21:13:15 [INFO] Kablan Koda a ajouté l'étudiant  (matricule: MAT-2026-003) Atta Otto 
2026-06-29 21:15:31 [INFO] Kablan Koda a ajouté l'étudiant  (matricule: MAT-2026-004) Irac Deto 
2026-06-29 21:31:14 [INFO] Kablan Koda (admin) connecté
2026-06-29 21:36:59 [INFO] Kablan Koda (admin) connecté
2026-06-29 23:06:32 [INFO] Kablan Koda (admin) connecté
2026-06-29 23:06:53 [INFO] Kablan Koda a supprimé l'utilisateur ID 14
2026-06-29 23:08:37 [INFO] Kablan Koda a supprimé l'utilisateur ID 13
2026-06-29 23:08:45 [INFO] Kablan Koda a supprimé l'utilisateur ID 12
2026-06-29 23:09:52 [INFO] Kablan Koda a supprimé l'utilisateur ID 11
2026-06-29 23:10:03 [INFO] Kablan Koda a supprimé l'utilisateur ID 10
2026-06-29 23:11:25 [INFO] Kablan Koda a supprimé l'utilisateur ID 9
2026-06-29 23:11:46 [INFO] Kablan Koda a supprimé l'utilisateur ID 8
2026-06-29 23:12:15 [INFO] Kablan Koda a supprimé l'utilisateur ID 7
2026-06-29 23:12:25 [INFO] Kablan Koda a supprimé l'utilisateur ID 6
2026-06-29 23:12:33 [INFO] Kablan Koda a supprimé l'utilisateur ID 5
2026-06-29 23:12:40 [INFO] Kablan Koda a supprimé l'utilisateur ID 4
2026-06-29 23:12:46 [INFO] Kablan Koda a supprimé l'utilisateur ID 3
2026-06-29 23:13:20 [INFO] Kablan Koda a supprimé l'utilisateur ID 2
2026-06-30 12:10:27 [INFO] Kablan Koda (admin) connecté
2026-06-30 12:10:59 [WARNING] Kablan Koda a tenté de modifier la matière ID 1 avec un champ vide
2026-06-30 12:11:36 [INFO] Kablan Koda a supprimé la matière ID 11
2026-06-30 12:11:44 [INFO] Kablan Koda a supprimé la matière ID 10
2026-06-30 12:11:51 [INFO] Kablan Koda a supprimé la matière ID 9
2026-06-30 12:12:40 [INFO] Kablan Koda a supprimé la matière ID 8
2026-06-30 12:12:47 [INFO] Kablan Koda a supprimé la matière ID 7
2026-06-30 12:13:00 [INFO] Kablan Koda a supprimé la matière ID 6
2026-06-30 12:15:09 [INFO] Kablan Koda a ajouté l'étudiant  (matricule: MAT-001)  Koba Kablan 
2026-06-30 12:15:28 [INFO] Kablan Koda a supprimé l'étudiant ID 22
2026-06-30 12:16:07 [INFO] Kablan Koda a supprimé l'utilisateur ID 22
2026-06-30 12:28:18 [INFO] Kablan Koda (admin) connecté
2026-06-30 12:29:55 [INFO] Kablan Koda a ajouté l'étudiant  (matricule: MAT-001) René Kablan 
2026-06-30 12:31:17 [INFO] Kablan Koda a ajouté l'étudiant  (matricule: MAT-002) Tota Toto 
2026-06-30 12:34:20 [INFO] Kablan Koda a ajouté l'étudiant  (matricule: MAT-003) Piment Polo 
2026-06-30 12:36:18 [INFO] Kablan Koda a ajouté l'étudiant  (matricule: MAT-004) Karim Gotto 
2026-06-30 12:38:04 [INFO] Kablan Koda a ajouté l'étudiant  (matricule: MAT-005) Coulibaly Mouna 
2026-06-30 12:39:48 [INFO] Kablan Koda a ajouté l'étudiant  (matricule: MAT-006) Ladé Goba 
2026-06-30 12:44:03 [INFO] Kablan Koda a ajouté la matière Anglais
2026-06-30 14:48:41 [INFO] Kablan Koda (admin) connecté
2026-06-30 14:53:03 [INFO] Kablan Koda a ajouté le professeur M Dépé
2026-06-30 14:53:59 [INFO] Kablan Koda a ajouté le professeur M Dah
2026-06-30 14:54:48 [INFO] Kablan Koda a ajouté le professeur M Dolou
2026-06-30 14:56:00 [INFO] Kablan Koda a ajouté le professeur M Digbo
2026-06-30 14:56:50 [INFO] Kablan Koda a supprimé le professeur ID 0
2026-06-30 15:13:42 [INFO] M Dépé (professeur) connecté
2026-06-30 15:17:59 [INFO] Kablan Koda (admin) connecté
2026-06-30 15:19:04 [INFO] Kablan Koda a affecté le professeur ID 9 à la matière ID 4
2026-06-30 15:19:36 [INFO] Kablan Koda a affecté le professeur ID 10 à la matière ID 5
2026-06-30 15:19:56 [INFO] Kablan Koda a affecté le professeur ID 11 à la matière ID 1
2026-06-30 15:20:16 [INFO] Kablan Koda a affecté le professeur ID 12 à la matière ID 3
2026-06-30 15:24:28 [INFO] M Dépé (professeur) connecté
2026-06-30 15:25:09 [INFO] M Dépé a ajouté la note 12 pour l'étudiant 12
2026-06-30 15:25:20 [INFO] M Dépé a ajouté la note 15 pour l'étudiant 12
2026-06-30 15:26:10 [INFO] M Dépé a ajouté la note 17 pour l'étudiant 12
2026-06-30 15:26:37 [INFO] M Dépé a ajouté la note 14 pour l'étudiant 12
2026-06-30 15:27:14 [INFO] M Dépé a ajouté la note 18 pour l'étudiant 13
2026-06-30 15:32:44 [INFO] M Dépé a ajouté la note 19 pour l'étudiant 13
2026-06-30 15:33:06 [INFO] M Dépé a ajouté la note 15 pour l'étudiant 13
2026-06-30 15:34:54 [INFO] M Dépé a ajouté la note 19 pour l'étudiant 13
2026-06-30 15:36:09 [INFO] M Dépé a ajouté la note 17 pour l'étudiant 14
2026-06-30 15:36:18 [INFO] M Dépé a ajouté la note 14 pour l'étudiant 14
2026-06-30 15:36:39 [INFO] M Dépé a ajouté la note 18 pour l'étudiant 14
2026-06-30 15:37:01 [INFO] M Dépé a ajouté la note 16 pour l'étudiant 14
2026-06-30 15:39:00 [INFO] M Dépé a ajouté la note 13 pour l'étudiant 17
2026-06-30 15:50:17 [INFO] M Dépé (professeur) connecté
